build/app/outputs/mapping/release/seeds.txt
com.insightsoftware.bertonlite.MainActivity
com.insightsoftware.bertonlite.MainActivity: MainActivity()
com.insightsoftware.bertonlite.R$attr: int alpha
com.insightsoftware.bertonlite.R$attr: int buttonSize
com.insightsoftware.bertonlite.R$attr: int circleCrop
com.insightsoftware.bertonlite.R$attr: int colorScheme
com.insightsoftware.bertonlite.R$attr: int coordinatorLayoutStyle
com.insightsoftware.bertonlite.R$attr: int font
com.insightsoftware.bertonlite.R$attr: int fontProviderAuthority
com.insightsoftware.bertonlite.R$attr: int fontProviderCerts
com.insightsoftware.bertonlite.R$attr: int fontProviderFetchStrategy
com.insightsoftware.bertonlite.R$attr: int fontProviderFetchTimeout
com.insightsoftware.bertonlite.R$attr: int fontProviderPackage
com.insightsoftware.bertonlite.R$attr: int fontProviderQuery
com.insightsoftware.bertonlite.R$attr: int fontStyle
com.insightsoftware.bertonlite.R$attr: int fontVariationSettings
com.insightsoftware.bertonlite.R$attr: int fontWeight
com.insightsoftware.bertonlite.R$attr: int imageAspectRatio
com.insightsoftware.bertonlite.R$attr: int imageAspectRatioAdjust
com.insightsoftware.bertonlite.R$attr: int keylines
com.insightsoftware.bertonlite.R$attr: int layout_anchor
com.insightsoftware.bertonlite.R$attr: int layout_anchorGravity
com.insightsoftware.bertonlite.R$attr: int layout_behavior
com.insightsoftware.bertonlite.R$attr: int layout_dodgeInsetEdges
com.insightsoftware.bertonlite.R$attr: int layout_insetEdge
com.insightsoftware.bertonlite.R$attr: int layout_keyline
com.insightsoftware.bertonlite.R$attr: int scopeUris
com.insightsoftware.bertonlite.R$color: int common_google_signin_btn_text_dark
com.insightsoftware.bertonlite.R$color: int common_google_signin_btn_text_dark_default
com.insightsoftware.bertonlite.R$color: int common_google_signin_btn_text_dark_disabled
com.insightsoftware.bertonlite.R$color: int common_google_signin_btn_text_dark_focused
com.insightsoftware.bertonlite.R$color: int common_google_signin_btn_text_dark_pressed
com.insightsoftware.bertonlite.R$color: int common_google_signin_btn_text_light
com.insightsoftware.bertonlite.R$color: int common_google_signin_btn_text_light_default
com.insightsoftware.bertonlite.R$color: int common_google_signin_btn_text_light_disabled
com.insightsoftware.bertonlite.R$color: int common_google_signin_btn_text_light_focused
com.insightsoftware.bertonlite.R$color: int common_google_signin_btn_text_light_pressed
com.insightsoftware.bertonlite.R$color: int common_google_signin_btn_tint
com.insightsoftware.bertonlite.R$color: int notification_action_color_filter
com.insightsoftware.bertonlite.R$color: int notification_icon_bg_color
com.insightsoftware.bertonlite.R$color: int ripple_material_light
com.insightsoftware.bertonlite.R$color: int secondary_text_default_material_light
...
androidx.viewpager.widget.PagerTabStrip: void setTabIndicatorColor(int)
androidx.viewpager.widget.PagerTabStrip: void setTabIndicatorColorResource(int)
androidx.viewpager.widget.PagerTabStrip: int getTabIndicatorColor()
androidx.viewpager.widget.PagerTabStrip: void setTextSpacing(int)
androidx.viewpager.widget.PagerTabStrip: void setBackgroundDrawable(android.graphics.drawable.Drawable)
androidx.viewpager.widget.PagerTabStrip: void setBackgroundColor(int)
androidx.viewpager.widget.PagerTabStrip: void setBackgroundResource(int)
androidx.viewpager.widget.PagerTabStrip: void setDrawFullUnderline(boolean)
androidx.viewpager.widget.PagerTabStrip: boolean getDrawFullUnderline()
androidx.viewpager.widget.PagerTabStrip: int getMinHeight()
androidx.viewpager.widget.PagerTitleStrip: void setSingleLineAllCaps(android.widget.TextView)
androidx.viewpager.widget.PagerTitleStrip: void setTextSpacing(int)
androidx.viewpager.widget.PagerTitleStrip: int getTextSpacing()
androidx.viewpager.widget.PagerTitleStrip: void setNonPrimaryAlpha(float)
androidx.viewpager.widget.PagerTitleStrip: void setTextColor(int)
androidx.viewpager.widget.PagerTitleStrip: void setGravity(int)
androidx.viewpager.widget.PagerTitleStrip: int getMinHeight()
androidx.viewpager.widget.ViewPager: void setScrollState(int)
androidx.viewpager.widget.ViewPager: void setAdapter(androidx.viewpager.widget.PagerAdapter)
androidx.viewpager.widget.ViewPager: androidx.viewpager.widget.PagerAdapter getAdapter()
androidx.viewpager.widget.ViewPager: int getClientWidth()
androidx.viewpager.widget.ViewPager: void setCurrentItem(int)
androidx.viewpager.widget.ViewPager: int getCurrentItem()
androidx.viewpager.widget.ViewPager: void setOnPageChangeListener(androidx.viewpager.widget.ViewPager$OnPageChangeListener)
androidx.viewpager.widget.ViewPager: int getOffscreenPageLimit()
androidx.viewpager.widget.ViewPager: void setOffscreenPageLimit(int)
androidx.viewpager.widget.ViewPager: void setPageMargin(int)
androidx.viewpager.widget.ViewPager: int getPageMargin()
androidx.viewpager.widget.ViewPager: void setPageMarginDrawable(android.graphics.drawable.Drawable)
androidx.viewpager.widget.ViewPager: void setPageMarginDrawable(int)
androidx.viewpager.widget.ViewPager: void setScrollingCacheEnabled(boolean)
androidx.viewpager.widget.ViewPager$SavedState: android.os.Parcelable$Creator CREATOR
com.example.path_provider.R$attr: int alpha
com.example.path_provider.R$attr: int coordinatorLayoutStyle
com.example.path_provider.R$attr: int font
com.example.path_provider.R$attr: int fontProviderAuthority
com.example.path_provider.R$attr: int fontProviderCerts
com.example.path_provider.R$attr: int fontProviderFetchStrategy
com.example.path_provider.R$attr: int fontProviderFetchTimeout
com.example.path_provider.R$attr: int fontProviderPackage
com.example.path_provider.R$attr: int fontProviderQuery
com.example.path_provider.R$attr: int fontStyle
com.example.path_provider.R$attr: int fontVariationSettings
com.example.path_provider.R$attr: int fontWeight
com.example.path_provider.R$attr: int keylines
com.example.path_provider.R$attr: int layout_anchor
com.example.path_provider.R$attr: int layout_anchorGravity
com.example.path_provider.R$attr: int layout_behavior
com.example.path_provider.R$attr: int layout_dodgeInsetEdges
com.example.path_provider.R$attr: int layout_insetEdge
com.example.path_provider.R$attr: int layout_keyline
com.example.path_provider.R$attr: int statusBarBackground
com.example.path_provider.R$attr: int ttcIndex
com.example.path_provider.R$color: int notification_action_color_filter
com.example.path_provider.R$color: int notification_icon_bg_color
com.example.path_provider.R$color: int ripple_material_light
com.example.path_provider.R$color: int secondary_text_default_material_light