build/app/outputs/mapping/release/mapping.txt
com.insightsoftware.bertonlite.MainActivity -> com.insightsoftware.bertonlite.MainActivity:
    void configureFlutterEngine(io.flutter.embedding.engine.FlutterEngine) -> a
    void <init>() -> <init>
...
io.flutter.plugin.platform.VirtualDisplayController -> io.flutter.plugin.platform.i:
    android.content.Context context -> a
    io.flutter.plugin.platform.AccessibilityEventsDelegate accessibilityEventsDelegate -> b
    int densityDpi -> c
    io.flutter.view.TextureRegistry$SurfaceTextureEntry textureEntry -> d
    android.view.View$OnFocusChangeListener focusChangeListener -> e
    android.hardware.display.VirtualDisplay virtualDisplay -> f
    io.flutter.plugin.platform.SingleViewPresentation presentation -> g
    android.view.Surface surface -> h
    io.flutter.plugin.platform.VirtualDisplayController create(android.content.Context,io.flutter.plugin.platform.AccessibilityEventsDelegate,io.flutter.plugin.platform.PlatformViewFactory,io.flutter.view.TextureRegistry$SurfaceTextureEntry,int,int,int,java.lang.Object,android.view.View$OnFocusChangeListener) -> a
    void <init>(android.content.Context,io.flutter.plugin.platform.AccessibilityEventsDelegate,android.hardware.display.VirtualDisplay,io.flutter.plugin.platform.PlatformViewFactory,android.view.Surface,io.flutter.view.TextureRegistry$SurfaceTextureEntry,android.view.View$OnFocusChangeListener,int,java.lang.Object) -> <init>
    void resize(int,int,java.lang.Runnable) -> a
    void dispose() -> a
    void onFlutterViewAttached(android.view.View) -> a
    void onFlutterViewDetached() -> b
    void onInputConnectionLocked() -> c
    void onInputConnectionUnlocked() -> d
    android.view.View getView() -> e
io.flutter.plugin.platform.VirtualDisplayController$1 -> io.flutter.plugin.platform.i$1:
    android.view.View val$embeddedView -> a
    java.lang.Runnable val$onNewSizeFrameAvailable -> b
    io.flutter.plugin.platform.VirtualDisplayController this$0 -> c
    void <init>(io.flutter.plugin.platform.VirtualDisplayController,android.view.View,java.lang.Runnable) -> <init>
    void onViewAttachedToWindow(android.view.View) -> onViewAttachedToWindow
    void onViewDetachedFromWindow(android.view.View) -> onViewDetachedFromWindow
io.flutter.plugin.platform.VirtualDisplayController$1$1 -> io.flutter.plugin.platform.i$1$1:
    io.flutter.plugin.platform.VirtualDisplayController$1 this$1 -> a
    void <init>(io.flutter.plugin.platform.VirtualDisplayController$1) -> <init>
    void run() -> run
io.flutter.plugin.platform.VirtualDisplayController$OneTimeOnDrawListener -> io.flutter.plugin.platform.i$a:
    android.view.View mView -> a
    java.lang.Runnable mOnDrawRunnable -> b
    void schedule(android.view.View,java.lang.Runnable) -> a
    void <init>(android.view.View,java.lang.Runnable) -> <init>
    void onDraw() -> onDraw
io.flutter.plugin.platform.VirtualDisplayController$OneTimeOnDrawListener$1 -> io.flutter.plugin.platform.i$a$1:
    io.flutter.plugin.platform.VirtualDisplayController$OneTimeOnDrawListener this$0 -> a
    void <init>(io.flutter.plugin.platform.VirtualDisplayController$OneTimeOnDrawListener) -> <init>
    void run() -> run
io.flutter.plugins.GeneratedPluginRegistrant -> io.flutter.plugins.GeneratedPluginRegistrant:
    void <init>() -> <init>
    void registerWith(io.flutter.embedding.engine.FlutterEngine) -> registerWith