build/app/outputs/mapping/release/usage.txt
com.insightsoftware.bertonlite.BuildConfig
com.insightsoftware.bertonlite.R
com.insightsoftware.bertonlite.R$attr
com.insightsoftware.bertonlite.R$color
com.insightsoftware.bertonlite.R$dimen
com.insightsoftware.bertonlite.R$drawable
com.insightsoftware.bertonlite.R$id
com.insightsoftware.bertonlite.R$integer
com.insightsoftware.bertonlite.R$layout
com.insightsoftware.bertonlite.R$mipmap
com.insightsoftware.bertonlite.R$string
com.insightsoftware.bertonlite.R$style
com.insightsoftware.bertonlite.R$styleable
...
io.opencensus.stats.AutoValue_View_AggregationWindow_Interval
io.opencensus.stats.AutoValue_View_Name
io.opencensus.stats.BucketBoundaries
io.opencensus.stats.Measure:
    static final int NAME_MAX_LENGTH
    private static final java.lang.String ERROR_MESSAGE_INVALID_NAME
    public abstract java.lang.Object match(io.opencensus.common.Function,io.opencensus.common.Function,io.opencensus.common.Function)
    public abstract java.lang.String getName()
    public abstract java.lang.String getDescription()
    public abstract java.lang.String getUnit()
io.opencensus.stats.Measure$MeasureDouble:
    120:120:public java.lang.Object match(io.opencensus.common.Function,io.opencensus.common.Function,io.opencensus.common.Function)
io.opencensus.stats.Measure$MeasureLong:
    165:165:public java.lang.Object match(io.opencensus.common.Function,io.opencensus.common.Function,io.opencensus.common.Function)
io.opencensus.stats.MeasureMap:
    71:71:public io.opencensus.stats.MeasureMap putAttachment(java.lang.String,java.lang.String)
    87:89:public io.opencensus.stats.MeasureMap putAttachment(java.lang.String,io.opencensus.metrics.data.AttachmentValue)
    public abstract void record()
io.opencensus.stats.Measurement
io.opencensus.stats.Measurement$1
io.opencensus.stats.Measurement$MeasurementDouble
io.opencensus.stats.Measurement$MeasurementLong
io.opencensus.stats.NoopStats:
    46:46:private NoopStats()
io.opencensus.stats.NoopStats$NoopMeasureMap:
    146:146:public void record()
io.opencensus.stats.NoopStats$NoopStatsComponent:
    private volatile boolean isRead
    93:93:public io.opencensus.stats.ViewManager getViewManager()
    103:104:public io.opencensus.stats.StatsCollectionState getState()
    110:112:public void setState(io.opencensus.stats.StatsCollectionState)
io.opencensus.stats.NoopStats$NoopViewManager:
    private volatile java.util.Set exportedViews
    172:183:public void registerView(io.opencensus.stats.View)
    189:207:public io.opencensus.stats.ViewData getView(io.opencensus.stats.View$Name)
    212:218:public java.util.Set getAllExportedViews()
    224:231:private static java.util.Set filterExportedViews(java.util.Collection)
io.opencensus.stats.Stats:
    51:51:public static io.opencensus.stats.ViewManager getViewManager()
    67:67:public static io.opencensus.stats.StatsCollectionState getState()
    88:89:public static void setState(io.opencensus.stats.StatsCollectionState)
io.opencensus.stats.StatsCollectionState
io.opencensus.stats.StatsComponent:
    public abstract io.opencensus.stats.ViewManager getViewManager()
    public abstract io.opencensus.stats.StatsCollectionState getState()
    public abstract void setState(io.opencensus.stats.StatsCollectionState)
io.opencensus.stats.View
io.opencensus.stats.View$1
io.opencensus.stats.View$AggregationWindow
io.opencensus.stats.View$AggregationWindow$Cumulative
io.opencensus.stats.View$AggregationWindow$Interval
io.opencensus.stats.View$Name
io.opencensus.stats.ViewData
io.opencensus.stats.ViewData$1
io.opencensus.stats.ViewData$2
io.opencensus.stats.ViewData$3
io.opencensus.stats.ViewData$4
io.opencensus.stats.ViewData$5
io.opencensus.stats.ViewData$5$1
io.opencensus.stats.ViewData$5$2
io.opencensus.stats.ViewData$6
io.opencensus.stats.ViewData$7
io.opencensus.stats.ViewData$8
io.opencensus.stats.ViewData$8$1
io.opencensus.stats.ViewData$8$2
io.opencensus.stats.ViewData$9
io.opencensus.stats.ViewData$AggregationWindowData
io.opencensus.stats.ViewData$AggregationWindowData$CumulativeData
io.opencensus.stats.ViewData$AggregationWindowData$IntervalData
io.opencensus.stats.ViewManager:
    public abstract void registerView(io.opencensus.stats.View)
    public abstract io.opencensus.stats.ViewData getView(io.opencensus.stats.View$Name)
    public abstract java.util.Set getAllExportedViews()
io.opencensus.tags.AutoValue_Tag
io.opencensus.tags.InternalUtils